app/build/intermediates/manifest_merge_blame_file/debug/manifest-merger-blame-debug-report.txt
1<?xml version="1.0" encoding="utf-8"?>
2<!--
3  ~ Copyright (C) 2021 The Android Open Source Project.
4  ~
5  ~ Licensed under the Apache License, Version 2.0 (the "License");
6  ~ you may not use this file except in compliance with the License.
7  ~ You may obtain a copy of the License at
8  ~
9  ~     http://www.apache.org/licenses/LICENSE-2.0
10  ~
11  ~ Unless required by applicable law or agreed to in writing, software
12  ~ distributed under the License is distributed on an "AS IS" BASIS,
13  ~ WITHOUT WARRANTIES OR CONDITIONS OF ANY KIND, either express or implied.
14  ~ See the License for the specific language governing permissions and
15  ~ limitations under the License.
16-->
17<manifest xmlns:android="http://schemas.android.com/apk/res/android"
18    package="com.example.dogglers"
19    android:versionCode="1"
20    android:versionName="1.0" >
21
22    <uses-sdk
23        android:minSdkVersion="21"
23-->src\main\AndroidManifest.xml
24        android:targetSdkVersion="32" />
24-->src\main\AndroidManifest.xml
25
26    <uses-permission android:name="android.permission.REORDER_TASKS" />
26-->[androidx.fragment:fragment-testing:1.4.1] AndroidManifest.xml:25:5-72
26-->[androidx.fragment:fragment-testing:1.4.1] AndroidManifest.xml:25:22-69
27
28    <application
28-->src\main\AndroidManifest.xml:19:5-37:19
29        android:allowBackup="true"
29-->src\main\AndroidManifest.xml:20:9-35
30        android:appComponentFactory="androidx.core.app.CoreComponentFactory"
30-->[androidx.core:core:1.7.0] AndroidManifest.xml:24:18-86
31        android:debuggable="true"
32        android:icon="@mipmap/ic_launcher"
32-->src\main\AndroidManifest.xml:21:9-43
33        android:label="@string/app_name"
33-->src\main\AndroidManifest.xml:22:9-41
34        android:roundIcon="@mipmap/ic_launcher_round"
34-->src\main\AndroidManifest.xml:23:9-54
35        android:supportsRtl="true"
35-->src\main\AndroidManifest.xml:24:9-35
36        android:testOnly="true"
37        android:theme="@style/Theme.Dogglers" >
37-->src\main\AndroidManifest.xml:25:9-46
38        <activity
38-->src\main\AndroidManifest.xml:26:9-36:20
39            android:name="com.example.dogglers.VerticalListActivity"
39-->src\main\AndroidManifest.xml:26:19-55
40            android:exported="true" >
40-->src\main\AndroidManifest.xml:27:13-36
41            <intent-filter>
41-->src\main\AndroidManifest.xml:28:13-32:29
42                <action android:name="android.intent.action.MAIN" />
42-->src\main\AndroidManifest.xml:29:17-69
42-->src\main\AndroidManifest.xml:29:25-66
43
44                <category android:name="android.intent.category.LAUNCHER" />
44-->src\main\AndroidManifest.xml:31:17-77
44-->src\main\AndroidManifest.xml:31:27-74
45            </intent-filter>
46
47            <meta-data
47-->src\main\AndroidManifest.xml:33:13-35:57
48                android:name="android.support.PARENT_ACTIVITY"
48-->src\main\AndroidManifest.xml:34:17-63
49                android:value=".VerticalListActivity" />
49-->src\main\AndroidManifest.xml:35:17-54
50        </activity>
51        <activity
51-->[androidx.fragment:fragment-testing:1.4.1] AndroidManifest.xml:28:9-37:20
52            android:name="androidx.fragment.app.testing.FragmentScenario$EmptyFragmentActivity"
52-->[androidx.fragment:fragment-testing:1.4.1] AndroidManifest.xml:29:13-96
53            android:exported="true"
53-->[androidx.fragment:fragment-testing:1.4.1] AndroidManifest.xml:30:13-36
54            android:multiprocess="true"
54-->[androidx.fragment:fragment-testing:1.4.1] AndroidManifest.xml:31:13-40
55            android:taskAffinity=""
55-->[androidx.fragment:fragment-testing:1.4.1] AndroidManifest.xml:32:13-36
56            android:theme="@style/FragmentScenarioEmptyFragmentActivityTheme" >
56-->[androidx.fragment:fragment-testing:1.4.1] AndroidManifest.xml:33:13-78
57            <intent-filter>
57-->[androidx.fragment:fragment-testing:1.4.1] AndroidManifest.xml:34:13-36:29
58                <action android:name="android.intent.action.MAIN" />
58-->src\main\AndroidManifest.xml:29:17-69
58-->src\main\AndroidManifest.xml:29:25-66
59            </intent-filter>
60        </activity>
61        <activity
61-->[androidx.test:core:1.4.0] AndroidManifest.xml:27:9-34:20
62            android:name="androidx.test.core.app.InstrumentationActivityInvoker$BootstrapActivity"
62-->[androidx.test:core:1.4.0] AndroidManifest.xml:28:13-99
63            android:exported="true"
63-->[androidx.test:core:1.4.0] AndroidManifest.xml:29:13-36
64            android:theme="@android:style/Theme" >
64-->[androidx.test:core:1.4.0] AndroidManifest.xml:30:13-49
65            <intent-filter>
65-->[androidx.fragment:fragment-testing:1.4.1] AndroidManifest.xml:34:13-36:29
66                <action android:name="android.intent.action.MAIN" />
66-->src\main\AndroidManifest.xml:29:17-69
66-->src\main\AndroidManifest.xml:29:25-66
67            </intent-filter>
68        </activity>
69        <activity
69-->[androidx.test:core:1.4.0] AndroidManifest.xml:35:9-42:20
70            android:name="androidx.test.core.app.InstrumentationActivityInvoker$EmptyActivity"
70-->[androidx.test:core:1.4.0] AndroidManifest.xml:36:13-95
71            android:exported="true"
71-->[androidx.test:core:1.4.0] AndroidManifest.xml:37:13-36
72            android:theme="@android:style/Theme" >
72-->[androidx.test:core:1.4.0] AndroidManifest.xml:38:13-49
73            <intent-filter>
73-->[androidx.fragment:fragment-testing:1.4.1] AndroidManifest.xml:34:13-36:29
74                <action android:name="android.intent.action.MAIN" />
74-->src\main\AndroidManifest.xml:29:17-69
74-->src\main\AndroidManifest.xml:29:25-66
75            </intent-filter>
76        </activity>
77        <activity
77-->[androidx.test:core:1.4.0] AndroidManifest.xml:43:9-50:20
78            android:name="androidx.test.core.app.InstrumentationActivityInvoker$EmptyFloatingActivity"
78-->[androidx.test:core:1.4.0] AndroidManifest.xml:44:13-103
79            android:exported="true"
79-->[androidx.test:core:1.4.0] AndroidManifest.xml:45:13-36
80            android:theme="@android:style/Theme.Dialog" >
80-->[androidx.test:core:1.4.0] AndroidManifest.xml:46:13-56
81            <intent-filter>
81-->[androidx.fragment:fragment-testing:1.4.1] AndroidManifest.xml:34:13-36:29
82                <action android:name="android.intent.action.MAIN" />
82-->src\main\AndroidManifest.xml:29:17-69
82-->src\main\AndroidManifest.xml:29:25-66
83            </intent-filter>
84        </activity>
85
86        <provider
86-->[androidx.emoji2:emoji2:1.0.0] AndroidManifest.xml:26:9-34:20
87            android:name="androidx.startup.InitializationProvider"
87-->[androidx.emoji2:emoji2:1.0.0] AndroidManifest.xml:27:13-67
88            android:authorities="com.example.dogglers.androidx-startup"
88-->[androidx.emoji2:emoji2:1.0.0] AndroidManifest.xml:28:13-68
89            android:exported="false" >
89-->[androidx.emoji2:emoji2:1.0.0] AndroidManifest.xml:29:13-37
90            <meta-data
90-->[androidx.emoji2:emoji2:1.0.0] AndroidManifest.xml:31:13-33:52
91                android:name="androidx.emoji2.text.EmojiCompatInitializer"
91-->[androidx.emoji2:emoji2:1.0.0] AndroidManifest.xml:32:17-75
92                android:value="androidx.startup" />
92-->[androidx.emoji2:emoji2:1.0.0] AndroidManifest.xml:33:17-49
93            <meta-data
93-->[androidx.lifecycle:lifecycle-process:2.4.0] AndroidManifest.xml:31:13-33:52
94                android:name="androidx.lifecycle.ProcessLifecycleInitializer"
94-->[androidx.lifecycle:lifecycle-process:2.4.0] AndroidManifest.xml:32:17-78
95                android:value="androidx.startup" />
95-->[androidx.lifecycle:lifecycle-process:2.4.0] AndroidManifest.xml:33:17-49
96        </provider>
97    </application>
98
99</manifest>